2023-08-15 09:44:08 info: in login method ...
2023-08-15 09:44:08 info: request body [object Object]
2023-08-15 11:00:54 info: Server Port : 3000
2023-08-15 11:00:54 info: Environment Type: production
2023-08-15 11:00:54 info: Server is created
2023-08-15 11:00:54 info: Start server...
2023-08-15 11:00:54 info: Register listening event handler
2023-08-15 11:00:54 info: Server is listening on port: 3000
2023-08-15 11:05:43 info: Server Port : 3000
2023-08-15 11:05:43 info: Environment Type: production
2023-08-15 11:05:43 info: Server is created
2023-08-15 11:05:43 info: Start server...
2023-08-15 11:05:43 info: Register listening event handler
2023-08-15 11:05:43 info: Server is listening on port: 3000
2023-08-15 11:08:43 info: Server Port : 3000
2023-08-15 11:08:43 info: Environment Type: production
2023-08-15 11:08:43 info: Server is created
2023-08-15 11:08:43 info: Start server...
2023-08-15 11:08:43 info: Register listening event handler
2023-08-15 11:08:43 info: Server is listening on port: 3000
2023-08-15 11:10:04 info: in login method ...
2023-08-15 11:10:04 info: request body [object Object]
2023-08-15 11:10:11 info: in login method ...
2023-08-15 11:10:11 info: request body [object Object]
2023-08-15 11:10:22 info: in login method ...
2023-08-15 11:10:22 info: request body [object Object]
2023-08-15 11:12:38 info: Server Port : 3000
2023-08-15 11:12:38 info: Environment type: production
2023-08-15 11:12:38 info: Server is created
2023-08-15 11:12:38 info: Start server...
2023-08-15 11:12:38 info: Register listening event handler
2023-08-15 11:12:38 info: Server is listening on port: 3000
2023-08-15 11:12:49 info: Server Port : 3000
2023-08-15 11:12:49 info: Environment type: dev
2023-08-15 11:12:49 info: Server is created
2023-08-15 11:12:49 info: Start server...
2023-08-15 11:12:49 info: Register listening event handler
2023-08-15 11:12:49 info: Server is listening on port: 3000
2023-08-15 11:13:02 info: Server Port : 3000
2023-08-15 11:13:02 info: Environment type: test
2023-08-15 11:13:02 info: Server is created
2023-08-15 11:13:02 info: Start server...
2023-08-15 11:13:02 info: Register listening event handler
2023-08-15 11:13:02 info: Server is listening on port: 3000
